<?xml version="1.0" encoding="UTF-8"?>
<testng-results ignored="0" total="9" passed="9" failed="0" skipped="0">
  <reporter-output>
    <line>
      <![CDATA[we are using default reporter class for logging purpose*******]]>
    </line>
  </reporter-output>
  <suite started-at="2023-05-28T20:25:19 IST" name="Default suite" finished-at="2023-05-28T20:25:20 IST" duration-ms="195">
    <groups>
      <group name="Sanity">
        <method signature="TestNGMasterClass.testCase()[pri:0, instance:package_TestNG.TestNGMasterClass@34a3d150]" name="testCase" class="package_TestNG.TestNGMasterClass"/>
        <method signature="TestNGMasterClass.testCase1()[pri:1, instance:package_TestNG.TestNGMasterClass@34a3d150]" name="testCase1" class="package_TestNG.TestNGMasterClass"/>
      </group> <!-- Sanity -->
      <group name="Regression">
        <method signature="TestNGMasterClass.test0()[pri:0, instance:package_TestNG.TestNGMasterClass@34a3d150]" name="test0" class="package_TestNG.TestNGMasterClass"/>
        <method signature="TestNGMasterClass.testCase1()[pri:1, instance:package_TestNG.TestNGMasterClass@34a3d150]" name="testCase1" class="package_TestNG.TestNGMasterClass"/>
      </group> <!-- Regression -->
      <group name="Smoke">
        <method signature="TestNGMasterClass.testCase2()[pri:0, instance:package_TestNG.TestNGMasterClass@34a3d150]" name="testCase2" class="package_TestNG.TestNGMasterClass"/>
        <method signature="TestNGMasterClass.testCase1()[pri:1, instance:package_TestNG.TestNGMasterClass@34a3d150]" name="testCase1" class="package_TestNG.TestNGMasterClass"/>
      </group> <!-- Smoke -->
    </groups>
    <test started-at="2023-05-28T20:25:19 IST" name="Default test" finished-at="2023-05-28T20:25:20 IST" duration-ms="195">
      <class name="package_TestNG.TestNGMasterClass">
        <test-method is-config="true" signature="beforeTest()[pri:0, instance:package_TestNG.TestNGMasterClass@34a3d150]" started-at="2023-05-28T20:25:19 IST" name="beforeTest" finished-at="2023-05-28T20:25:19 IST" duration-ms="10" status="PASS">
          <reporter-output>
          </reporter-output>
        </test-method> <!-- beforeTest -->
        <test-method is-config="true" signature="beforeClass()[pri:0, instance:package_TestNG.TestNGMasterClass@34a3d150]" started-at="2023-05-28T20:25:20 IST" name="beforeClass" finished-at="2023-05-28T20:25:20 IST" duration-ms="0" status="PASS">
          <reporter-output>
          </reporter-output>
        </test-method> <!-- beforeClass -->
        <test-method signature="test0()[pri:0, instance:package_TestNG.TestNGMasterClass@34a3d150]" started-at="2023-05-28T20:25:20 IST" name="test0" finished-at="2023-05-28T20:25:20 IST" duration-ms="6" status="PASS">
          <reporter-output>
          </reporter-output>
        </test-method> <!-- test0 -->
        <test-method signature="test2()[pri:0, instance:package_TestNG.TestNGMasterClass@34a3d150]" started-at="2023-05-28T20:25:20 IST" name="test2" finished-at="2023-05-28T20:25:20 IST" duration-ms="2" status="PASS">
          <reporter-output>
          </reporter-output>
        </test-method> <!-- test2 -->
        <test-method signature="testCase()[pri:0, instance:package_TestNG.TestNGMasterClass@34a3d150]" started-at="2023-05-28T20:25:20 IST" name="testCase" description="this is just a description to this test method" finished-at="2023-05-28T20:25:20 IST" duration-ms="2" status="PASS">
          <reporter-output>
            <line>
              <![CDATA[we are using default reporter class for logging purpose*******]]>
            </line>
          </reporter-output>
        </test-method> <!-- testCase -->
        <test-method signature="testCase0()[pri:0, instance:package_TestNG.TestNGMasterClass@34a3d150]" started-at="2023-05-28T20:25:20 IST" name="testCase0" finished-at="2023-05-28T20:25:20 IST" depends-on-methods="package_TestNG.TestNGMasterClass.test0" duration-ms="1" status="PASS">
          <reporter-output>
          </reporter-output>
        </test-method> <!-- testCase0 -->
        <test-method signature="test()[pri:0, instance:package_TestNG.TestNGMasterClass@34a3d150]" started-at="2023-05-28T20:25:20 IST" name="test" finished-at="2023-05-28T20:25:20 IST" depends-on-methods="package_TestNG.TestNGMasterClass.testCase0" duration-ms="2" status="PASS">
          <reporter-output>
          </reporter-output>
        </test-method> <!-- test -->
        <test-method signature="testCase2()[pri:0, instance:package_TestNG.TestNGMasterClass@34a3d150]" started-at="2023-05-28T20:25:20 IST" name="testCase2" finished-at="2023-05-28T20:25:20 IST" duration-ms="6" status="PASS">
          <reporter-output>
          </reporter-output>
        </test-method> <!-- testCase2 -->
        <test-method signature="testCase1()[pri:1, instance:package_TestNG.TestNGMasterClass@34a3d150]" started-at="2023-05-28T20:25:20 IST" name="testCase1" finished-at="2023-05-28T20:25:20 IST" duration-ms="2" status="PASS">
          <reporter-output>
          </reporter-output>
        </test-method> <!-- testCase1 -->
        <test-method signature="testCase1()[pri:1, instance:package_TestNG.TestNGMasterClass@34a3d150]" started-at="2023-05-28T20:25:20 IST" name="testCase1" finished-at="2023-05-28T20:25:20 IST" duration-ms="2" status="PASS">
          <reporter-output>
          </reporter-output>
        </test-method> <!-- testCase1 -->
        <test-method signature="test1()[pri:0, instance:package_TestNG.TestNGMasterClass@34a3d150]" started-at="2023-05-28T20:25:20 IST" name="test1" depends-on-groups="Smoke" finished-at="2023-05-28T20:25:20 IST" duration-ms="1" status="PASS">
          <reporter-output>
          </reporter-output>
        </test-method> <!-- test1 -->
        <test-method is-config="true" signature="afterClass()[pri:0, instance:package_TestNG.TestNGMasterClass@34a3d150]" started-at="2023-05-28T20:25:20 IST" name="afterClass" finished-at="2023-05-28T20:25:20 IST" duration-ms="0" status="PASS">
          <reporter-output>
          </reporter-output>
        </test-method> <!-- afterClass -->
        <test-method is-config="true" signature="afterTest()[pri:0, instance:package_TestNG.TestNGMasterClass@34a3d150]" started-at="2023-05-28T20:25:20 IST" name="afterTest" finished-at="2023-05-28T20:25:20 IST" duration-ms="0" status="PASS">
          <reporter-output>
          </reporter-output>
        </test-method> <!-- afterTest -->
      </class> <!-- package_TestNG.TestNGMasterClass -->
    </test> <!-- Default test -->
  </suite> <!-- Default suite -->
</testng-results>
