<?xml version="1.0" encoding="UTF-8"?>
<!-- Generated by org.testng.reporters.JUnitXMLReporter -->
<testsuite ignored="0" hostname="LAPTOP-J6DB108C" failures="0" tests="9" name="Default test" time="0.195" errors="0" timestamp="2023-05-28T20:25:20 IST">
  <testcase classname="package_TestNG.TestNGMasterClass" name="test0" time="0.006"/>
  <testcase classname="package_TestNG.TestNGMasterClass" name="test2" time="0.002"/>
  <testcase classname="package_TestNG.TestNGMasterClass" name="testCase" time="0.002"/>
  <testcase classname="package_TestNG.TestNGMasterClass" name="testCase0" time="0.001"/>
  <testcase classname="package_TestNG.TestNGMasterClass" name="test" time="0.002"/>
  <testcase classname="package_TestNG.TestNGMasterClass" name="testCase2" time="0.006"/>
  <testcase classname="package_TestNG.TestNGMasterClass" name="testCase1" time="0.002"/>
  <testcase classname="package_TestNG.TestNGMasterClass" name="testCase1" time="0.002"/>
  <testcase classname="package_TestNG.TestNGMasterClass" name="test1" time="0.001"/>
</testsuite> <!-- Default test -->
